<?xml version="1.0" encoding="UTF-8"?>
<!-- Generated by org.testng.reporters.JUnitReportReporter -->
<testsuite skipped="0" hostname="SHIVA" name="com.hyr.demoTest.NewTest2" tests="3" failures="0" timestamp="24 Jan 2023 06:15:23 GMT" time="0.000" errors="0">
  <testcase name="sixth" time="0.000" classname="com.hyr.demoTest.NewTest2"/>
  <testcase name="fourth" time="0.000" classname="com.hyr.demoTest.NewTest2"/>
  <testcase name="fifth" time="0.000" classname="com.hyr.demoTest.NewTest2"/>
</testsuite> <!-- com.hyr.demoTest.NewTest2 -->
