<?xml version="1.0" encoding="UTF-8"?>
<!-- Generated by org.testng.reporters.JUnitReportReporter -->
<testsuite skipped="0" hostname="SHIVA" name="com.hyr.demoTest.NewTest" tests="3" failures="0" timestamp="24 Jan 2023 06:15:23 GMT" time="0.016" errors="0">
  <testcase name="second" time="0.000" classname="com.hyr.demoTest.NewTest"/>
  <testcase name="first" time="0.016" classname="com.hyr.demoTest.NewTest"/>
  <testcase name="third" time="0.000" classname="com.hyr.demoTest.NewTest"/>
</testsuite> <!-- com.hyr.demoTest.NewTest -->
