<?xml version="1.0" encoding="UTF-8"?>
<!-- Generated by org.testng.reporters.JUnitReportReporter -->
<testsuite skipped="0" hostname="SHIVA" name="com.hyr.dataProvider.PassingStringData" tests="2" failures="0" timestamp="25 Jan 2023 18:20:30 GMT" time="0.014" errors="0">
  <testcase name="TestLogin" time="0.005" classname="com.hyr.dataProvider.PassingStringData"/>
  <testcase name="TestLogin" time="0.009" classname="com.hyr.dataProvider.PassingStringData"/>
</testsuite> <!-- com.hyr.dataProvider.PassingStringData -->
