<?xml version="1.0" encoding="UTF-8"?>
<!-- Generated by org.testng.reporters.JUnitReportReporter -->
<testsuite skipped="1" hostname="SHIVA" name="com.hyr.groupTest.NewTest2" tests="4" failures="0" timestamp="24 Jan 2023 06:08:03 GMT" time="0.000" errors="0">
  <testcase name="fifth" time="0.000" classname="com.hyr.groupTest.NewTest2"/>
  <testcase name="sixth" time="0.000" classname="com.hyr.groupTest.NewTest2"/>
  <testcase name="fourth" time="0.000" classname="com.hyr.groupTest.NewTest2"/>
  <testcase name="seventh" classname="com.hyr.groupTest.NewTest2">
    <skipped/>
  </testcase> <!-- seventh -->
</testsuite> <!-- com.hyr.groupTest.NewTest2 -->
