<?xml version="1.0" encoding="UTF-8"?>
<!-- Generated by org.testng.reporters.JUnitReportReporter -->
<testsuite skipped="0" hostname="SHIVA" name="DataProviderIndicesSample" tests="2" failures="0" timestamp="24 Jan 2023 16:11:56 GMT" time="0.008" errors="0">
  <testcase name="TestData" time="0.007" classname="DataProviderIndicesSample"/>
  <testcase name="TestData" time="0.001" classname="DataProviderIndicesSample"/>
</testsuite> <!-- DataProviderIndicesSample -->
