<?xml version="1.0" encoding="UTF-8"?>
<!-- Generated by org.testng.reporters.JUnitReportReporter -->
<testsuite skipped="0" hostname="SHIVA" name="com.hyr.dataProvider.OragHRmLoginDataprovider" tests="3" failures="0" timestamp="25 Jan 2023 19:24:08 GMT" time="49.383" errors="0">
  <testcase name="launchApp" time="9.017" classname="com.hyr.dataProvider.OragHRmLoginDataprovider"/>
  <testcase name="launchApp" time="9.034" classname="com.hyr.dataProvider.OragHRmLoginDataprovider"/>
  <testcase name="launchApp" time="31.332" classname="com.hyr.dataProvider.OragHRmLoginDataprovider"/>
</testsuite> <!-- com.hyr.dataProvider.OragHRmLoginDataprovider -->
