<?xml version="1.0" encoding="UTF-8"?>
<!-- Generated by org.testng.reporters.JUnitReportReporter -->
<testsuite skipped="0" hostname="SHIVA" name="com.hyr.tests.ParametersSample" tests="7" failures="0" timestamp="30 Jan 2023 02:33:57 GMT" time="19.253" errors="0">
  <testcase name="launchApp" time="5.074" classname="com.hyr.tests.ParametersSample"/>
  <testcase name="verifyLogin" time="1.213" classname="com.hyr.tests.ParametersSample"/>
  <testcase name="enterLoginCredentials" time="2.582" classname="com.hyr.tests.ParametersSample"/>
  <testcase name="navigateToMyInfo" time="3.551" classname="com.hyr.tests.ParametersSample"/>
  <testcase name="launchApp" time="4.849" classname="com.hyr.tests.ParametersSample"/>
  <testcase name="enterLoginCredentials" time="1.219" classname="com.hyr.tests.ParametersSample"/>
  <testcase name="verifyMyInfo" time="0.765" classname="com.hyr.tests.ParametersSample"/>
</testsuite> <!-- com.hyr.tests.ParametersSample -->
