<?xml version="1.0" encoding="UTF-8"?>
<!-- Generated by org.testng.reporters.JUnitReportReporter -->
<testsuite skipped="0" hostname="SHIVA" name="com.hyr.dataProvider.DataSupplier" tests="2" failures="0" timestamp="25 Jan 2023 19:23:07 GMT" time="0.000" errors="0">
  <testcase name="basicTest" time="0.000" classname="com.hyr.dataProvider.DataSupplier"/>
  <testcase name="basicTest" time="0.000" classname="com.hyr.dataProvider.DataSupplier"/>
</testsuite> <!-- com.hyr.dataProvider.DataSupplier -->
