<?xml version="1.0" encoding="UTF-8"?>
<!-- Generated by org.testng.reporters.JUnitReportReporter -->
<testsuite skipped="0" hostname="SHIVA" name="com.hyr.dataProvider.TestAttributes" tests="1" failures="0" timestamp="04 Feb 2023 03:24:12 GMT" time="26.642" errors="0">
  <testcase name="TestLogin" time="26.642" classname="com.hyr.dataProvider.TestAttributes"/>
</testsuite> <!-- com.hyr.dataProvider.TestAttributes -->
