<?xml version="1.0" encoding="UTF-8"?>
<!-- Generated by org.testng.reporters.JUnitReportReporter -->
<testsuite skipped="0" hostname="SHIVA" name="com.hyr.tests.AnnotationsTest" tests="2" failures="0" timestamp="25 Jan 2023 18:00:57 GMT" time="0.015" errors="0">
  <testcase name="firstTest1" time="0.007" classname="com.hyr.tests.AnnotationsTest"/>
  <testcase name="firstTest2" time="0.008" classname="com.hyr.tests.AnnotationsTest"/>
</testsuite> <!-- com.hyr.tests.AnnotationsTest -->
