<?xml version="1.0" encoding="UTF-8"?>
<!-- Generated by org.testng.reporters.JUnitReportReporter -->
<testsuite skipped="0" hostname="SHIVA" name="com.hyr.tests.FlightBookingTest" tests="6" failures="0" timestamp="22 Jan 2023 10:39:02 GMT" time="0.018" errors="0">
  <testcase name="searchForFlight" time="0.009" classname="com.hyr.tests.FlightBookingTest"/>
  <testcase name="signup" time="0.000" classname="com.hyr.tests.FlightBookingTest"/>
  <testcase name="login" time="0.000" classname="com.hyr.tests.FlightBookingTest"/>
  <testcase name="bookTheFlight" time="0.000" classname="com.hyr.tests.FlightBookingTest"/>
  <testcase name="saveTheTicket" time="0.009" classname="com.hyr.tests.FlightBookingTest"/>
  <testcase name="logout" time="0.000" classname="com.hyr.tests.FlightBookingTest"/>
</testsuite> <!-- com.hyr.tests.FlightBookingTest -->
