<?xml version="1.0" encoding="UTF-8"?>
<!-- Generated by org.testng.reporters.JUnitReportReporter -->
<testsuite skipped="0" hostname="SHIVA" name="com.hyr.groupTest.TestDependency" tests="3" failures="0" timestamp="24 Jan 2023 05:58:03 GMT" time="0.011" errors="0">
  <testcase name="CancelShipment" time="0.001" classname="com.hyr.groupTest.TestDependency"/>
  <testcase name="CreateShipment" time="0.008" classname="com.hyr.groupTest.TestDependency"/>
  <testcase name="TrackShipment" time="0.002" classname="com.hyr.groupTest.TestDependency"/>
</testsuite> <!-- com.hyr.groupTest.TestDependency -->
