<?xml version="1.0" encoding="UTF-8"?>
<!-- Generated by org.testng.reporters.JUnitReportReporter -->
<testsuite skipped="0" hostname="SHIVA" name="com.hyr.tests.FirstTest" tests="1" failures="0" timestamp="22 Jan 2023 10:09:07 GMT" time="19.620" errors="0">
  <testcase name="testGoogle" time="19.620" classname="com.hyr.tests.FirstTest"/>
</testsuite> <!-- com.hyr.tests.FirstTest -->
