<?xml version="1.0" encoding="UTF-8"?>
<!-- Generated by org.testng.reporters.JUnitReportReporter -->
<testsuite skipped="0" hostname="SHIVA" name="com.hyr.tests.loginOrange" tests="7" failures="0" timestamp="22 Jan 2023 08:17:07 GMT" time="31.585" errors="0">
  <testcase name="enterLoginCredentials" time="2.854" classname="com.hyr.tests.loginOrange"/>
  <testcase name="enterLoginCredentials" time="2.523" classname="com.hyr.tests.loginOrange"/>
  <testcase name="launchApp" time="15.794" classname="com.hyr.tests.loginOrange"/>
  <testcase name="verifyLogin" time="1.048" classname="com.hyr.tests.loginOrange"/>
  <testcase name="verifyMyInfo" time="0.744" classname="com.hyr.tests.loginOrange"/>
  <testcase name="launchApp" time="6.730" classname="com.hyr.tests.loginOrange"/>
  <testcase name="navigateToMyInfo" time="1.892" classname="com.hyr.tests.loginOrange"/>
</testsuite> <!-- com.hyr.tests.loginOrange -->
