<?xml version="1.0" encoding="UTF-8"?>
<!-- Generated by org.testng.reporters.JUnitReportReporter -->
<testsuite skipped="0" hostname="SHIVA" name="com.hyr.groupTest.NewTest1" tests="4" failures="0" timestamp="24 Jan 2023 06:08:03 GMT" time="0.015" errors="0">
  <testcase name="fourth" time="0.000" classname="com.hyr.groupTest.NewTest1"/>
  <testcase name="third" time="0.000" classname="com.hyr.groupTest.NewTest1"/>
  <testcase name="second" time="0.000" classname="com.hyr.groupTest.NewTest1"/>
  <testcase name="first" time="0.015" classname="com.hyr.groupTest.NewTest1"/>
</testsuite> <!-- com.hyr.groupTest.NewTest1 -->
