<?xml version="1.0" encoding="UTF-8"?>
<!-- Generated by org.testng.reporters.JUnitReportReporter -->
<testsuite skipped="0" hostname="SHIVA" name="com.hyr.dataProvider.DataProviderIndicesSample" tests="2" failures="0" timestamp="25 Jan 2023 18:19:08 GMT" time="0.011" errors="0">
  <testcase name="TestData" time="0.010" classname="com.hyr.dataProvider.DataProviderIndicesSample"/>
  <testcase name="TestData" time="0.001" classname="com.hyr.dataProvider.DataProviderIndicesSample"/>
</testsuite> <!-- com.hyr.dataProvider.DataProviderIndicesSample -->
