<?xml version="1.0" encoding="UTF-8"?>
<!-- Generated by org.testng.reporters.JUnitReportReporter -->
<testsuite skipped="0" hostname="SHIVA" name="com.hyr.tests.SoftAssertSample$HardAssertionSample" tests="1" failures="0" timestamp="22 Jan 2023 04:37:02 GMT" time="12.533" errors="0">
  <testcase name="openFacebook" time="12.533" classname="com.hyr.tests.SoftAssertSample$HardAssertionSample"/>
</testsuite> <!-- com.hyr.tests.SoftAssertSample$HardAssertionSample -->
